[0.465s] Invoking command in '/home/ubuntu/eyantra_task/src/task_one': PYTHONPATH=/home/ubuntu/eyantra_task/build/task_one/prefix_override:/usr/lib/python3/dist-packages/colcon_core/task/python/colcon_distutils_commands:/home/ubuntu/eyantra_task/install/task_one/lib/python3.10/site-packages:${PYTHONPATH} /usr/bin/python3 -W ignore:setup.py install is deprecated -W ignore:easy_install command is deprecated setup.py egg_info --egg-base ../../build/task_one build --build-base /home/ubuntu/eyantra_task/build/task_one/build install --record /home/ubuntu/eyantra_task/build/task_one/install.log --single-version-externally-managed install_data
[0.571s] running egg_info
[0.572s] writing ../../build/task_one/task_one.egg-info/PKG-INFO
[0.572s] writing dependency_links to ../../build/task_one/task_one.egg-info/dependency_links.txt
[0.572s] writing entry points to ../../build/task_one/task_one.egg-info/entry_points.txt
[0.572s] writing requirements to ../../build/task_one/task_one.egg-info/requires.txt
[0.572s] writing top-level names to ../../build/task_one/task_one.egg-info/top_level.txt
[0.573s] reading manifest file '../../build/task_one/task_one.egg-info/SOURCES.txt'
[0.574s] writing manifest file '../../build/task_one/task_one.egg-info/SOURCES.txt'
[0.574s] running build
[0.574s] running build_py
[0.574s] copying task_one/run_in_spiral.py -> /home/ubuntu/eyantra_task/build/task_one/build/lib/task_one
[0.574s] running install
[0.574s] running install_lib
[0.574s] copying /home/ubuntu/eyantra_task/build/task_one/build/lib/task_one/run_in_spiral.py -> /home/ubuntu/eyantra_task/install/task_one/lib/python3.10/site-packages/task_one
[0.575s] byte-compiling /home/ubuntu/eyantra_task/install/task_one/lib/python3.10/site-packages/task_one/run_in_spiral.py to run_in_spiral.cpython-310.pyc
[0.575s] running install_data
[0.575s] running install_egg_info
[0.576s] removing '/home/ubuntu/eyantra_task/install/task_one/lib/python3.10/site-packages/task_one-0.0.0-py3.10.egg-info' (and everything under it)
[0.576s] Copying ../../build/task_one/task_one.egg-info to /home/ubuntu/eyantra_task/install/task_one/lib/python3.10/site-packages/task_one-0.0.0-py3.10.egg-info
[0.577s] running install_scripts
[0.586s] Installing movespiral script to /home/ubuntu/eyantra_task/install/task_one/lib/task_one
[0.586s] writing list of installed files to '/home/ubuntu/eyantra_task/build/task_one/install.log'
[0.605s] Invoked command in '/home/ubuntu/eyantra_task/src/task_one' returned '0': PYTHONPATH=/home/ubuntu/eyantra_task/build/task_one/prefix_override:/usr/lib/python3/dist-packages/colcon_core/task/python/colcon_distutils_commands:/home/ubuntu/eyantra_task/install/task_one/lib/python3.10/site-packages:${PYTHONPATH} /usr/bin/python3 -W ignore:setup.py install is deprecated -W ignore:easy_install command is deprecated setup.py egg_info --egg-base ../../build/task_one build --build-base /home/ubuntu/eyantra_task/build/task_one/build install --record /home/ubuntu/eyantra_task/build/task_one/install.log --single-version-externally-managed install_data
