running egg_info
writing ../../build/task_one/task_one.egg-info/PKG-INFO
writing dependency_links to ../../build/task_one/task_one.egg-info/dependency_links.txt
writing entry points to ../../build/task_one/task_one.egg-info/entry_points.txt
writing requirements to ../../build/task_one/task_one.egg-info/requires.txt
writing top-level names to ../../build/task_one/task_one.egg-info/top_level.txt
reading manifest file '../../build/task_one/task_one.egg-info/SOURCES.txt'
writing manifest file '../../build/task_one/task_one.egg-info/SOURCES.txt'
running build
running build_py
copying task_one/run_in_spiral.py -> /home/ubuntu/eyantra_task/build/task_one/build/lib/task_one
running install
running install_lib
copying /home/ubuntu/eyantra_task/build/task_one/build/lib/task_one/run_in_spiral.py -> /home/ubuntu/eyantra_task/install/task_one/lib/python3.10/site-packages/task_one
byte-compiling /home/ubuntu/eyantra_task/install/task_one/lib/python3.10/site-packages/task_one/run_in_spiral.py to run_in_spiral.cpython-310.pyc
running install_data
running install_egg_info
removing '/home/ubuntu/eyantra_task/install/task_one/lib/python3.10/site-packages/task_one-0.0.0-py3.10.egg-info' (and everything under it)
Copying ../../build/task_one/task_one.egg-info to /home/ubuntu/eyantra_task/install/task_one/lib/python3.10/site-packages/task_one-0.0.0-py3.10.egg-info
running install_scripts
Installing movespiral script to /home/ubuntu/eyantra_task/install/task_one/lib/task_one
writing list of installed files to '/home/ubuntu/eyantra_task/build/task_one/install.log'
