[0.458s] Invoking command in '/home/ubuntu/eyantra_task/src/task_one': PYTHONPATH=/home/ubuntu/eyantra_task/build/task_one/prefix_override:/usr/lib/python3/dist-packages/colcon_core/task/python/colcon_distutils_commands:/home/ubuntu/eyantra_task/install/task_one/lib/python3.10/site-packages:${PYTHONPATH} /usr/bin/python3 -W ignore:setup.py install is deprecated -W ignore:easy_install command is deprecated setup.py egg_info --egg-base ../../build/task_one build --build-base /home/ubuntu/eyantra_task/build/task_one/build install --record /home/ubuntu/eyantra_task/build/task_one/install.log --single-version-externally-managed install_data
[0.565s] running egg_info
[0.565s] writing ../../build/task_one/task_one.egg-info/PKG-INFO
[0.566s] writing dependency_links to ../../build/task_one/task_one.egg-info/dependency_links.txt
[0.566s] writing entry points to ../../build/task_one/task_one.egg-info/entry_points.txt
[0.566s] writing requirements to ../../build/task_one/task_one.egg-info/requires.txt
[0.566s] writing top-level names to ../../build/task_one/task_one.egg-info/top_level.txt
[0.567s] reading manifest file '../../build/task_one/task_one.egg-info/SOURCES.txt'
[0.567s] writing manifest file '../../build/task_one/task_one.egg-info/SOURCES.txt'
[0.567s] running build
[0.567s] running build_py
[0.567s] copying task_one/run_in_spiral.py -> /home/ubuntu/eyantra_task/build/task_one/build/lib/task_one
[0.567s] running install
[0.568s] running install_lib
[0.568s] copying /home/ubuntu/eyantra_task/build/task_one/build/lib/task_one/run_in_spiral.py -> /home/ubuntu/eyantra_task/install/task_one/lib/python3.10/site-packages/task_one
[0.568s] byte-compiling /home/ubuntu/eyantra_task/install/task_one/lib/python3.10/site-packages/task_one/run_in_spiral.py to run_in_spiral.cpython-310.pyc
[0.569s] running install_data
[0.569s] running install_egg_info
[0.570s] removing '/home/ubuntu/eyantra_task/install/task_one/lib/python3.10/site-packages/task_one-0.0.0-py3.10.egg-info' (and everything under it)
[0.570s] Copying ../../build/task_one/task_one.egg-info to /home/ubuntu/eyantra_task/install/task_one/lib/python3.10/site-packages/task_one-0.0.0-py3.10.egg-info
[0.571s] running install_scripts
[0.580s] Installing movespiral script to /home/ubuntu/eyantra_task/install/task_one/lib/task_one
[0.580s] writing list of installed files to '/home/ubuntu/eyantra_task/build/task_one/install.log'
[0.600s] Invoked command in '/home/ubuntu/eyantra_task/src/task_one' returned '0': PYTHONPATH=/home/ubuntu/eyantra_task/build/task_one/prefix_override:/usr/lib/python3/dist-packages/colcon_core/task/python/colcon_distutils_commands:/home/ubuntu/eyantra_task/install/task_one/lib/python3.10/site-packages:${PYTHONPATH} /usr/bin/python3 -W ignore:setup.py install is deprecated -W ignore:easy_install command is deprecated setup.py egg_info --egg-base ../../build/task_one build --build-base /home/ubuntu/eyantra_task/build/task_one/build install --record /home/ubuntu/eyantra_task/build/task_one/install.log --single-version-externally-managed install_data
