[0.575s] Invoking command in '/home/ubuntu/eyantra_task/src/task_one': PYTHONPATH=/home/ubuntu/eyantra_task/build/task_one/prefix_override:/usr/lib/python3/dist-packages/colcon_core/task/python/colcon_distutils_commands:/home/ubuntu/eyantra_task/install/task_one/lib/python3.10/site-packages:${PYTHONPATH} /usr/bin/python3 -W ignore:setup.py install is deprecated -W ignore:easy_install command is deprecated setup.py egg_info --egg-base ../../build/task_one build --build-base /home/ubuntu/eyantra_task/build/task_one/build install --record /home/ubuntu/eyantra_task/build/task_one/install.log --single-version-externally-managed install_data
[0.687s] running egg_info
[0.687s] writing ../../build/task_one/task_one.egg-info/PKG-INFO
[0.687s] writing dependency_links to ../../build/task_one/task_one.egg-info/dependency_links.txt
[0.688s] writing entry points to ../../build/task_one/task_one.egg-info/entry_points.txt
[0.688s] writing requirements to ../../build/task_one/task_one.egg-info/requires.txt
[0.688s] writing top-level names to ../../build/task_one/task_one.egg-info/top_level.txt
[0.689s] reading manifest file '../../build/task_one/task_one.egg-info/SOURCES.txt'
[0.690s] writing manifest file '../../build/task_one/task_one.egg-info/SOURCES.txt'
[0.690s] running build
[0.690s] running build_py
[0.690s] running install
[0.690s] running install_lib
[0.691s] running install_data
[0.691s] running install_egg_info
[0.691s] removing '/home/ubuntu/eyantra_task/install/task_one/lib/python3.10/site-packages/task_one-0.0.0-py3.10.egg-info' (and everything under it)
[0.692s] Copying ../../build/task_one/task_one.egg-info to /home/ubuntu/eyantra_task/install/task_one/lib/python3.10/site-packages/task_one-0.0.0-py3.10.egg-info
[0.692s] running install_scripts
[0.702s] Installing movespiral script to /home/ubuntu/eyantra_task/install/task_one/lib/task_one
[0.702s] writing list of installed files to '/home/ubuntu/eyantra_task/build/task_one/install.log'
[0.717s] Invoked command in '/home/ubuntu/eyantra_task/src/task_one' returned '0': PYTHONPATH=/home/ubuntu/eyantra_task/build/task_one/prefix_override:/usr/lib/python3/dist-packages/colcon_core/task/python/colcon_distutils_commands:/home/ubuntu/eyantra_task/install/task_one/lib/python3.10/site-packages:${PYTHONPATH} /usr/bin/python3 -W ignore:setup.py install is deprecated -W ignore:easy_install command is deprecated setup.py egg_info --egg-base ../../build/task_one build --build-base /home/ubuntu/eyantra_task/build/task_one/build install --record /home/ubuntu/eyantra_task/build/task_one/install.log --single-version-externally-managed install_data
