[0.066s] DEBUG:colcon:Command line arguments: ['/usr/bin/colcon', 'build']
[0.066s] DEBUG:colcon:Parsed command line arguments: Namespace(log_base=None, log_level=None, verb_name='build', build_base='build', install_base='install', merge_install=False, symlink_install=False, test_result_base=None, continue_on_error=False, executor='parallel', parallel_workers=4, event_handlers=None, ignore_user_meta=False, metas=['./colcon.meta'], base_paths=['.'], packages_ignore=None, packages_ignore_regex=None, paths=None, packages_up_to=None, packages_up_to_regex=None, packages_above=None, packages_above_and_dependencies=None, packages_above_depth=None, packages_select_by_dep=None, packages_skip_by_dep=None, packages_skip_up_to=None, packages_select_build_failed=False, packages_skip_build_finished=False, packages_select_test_failures=False, packages_skip_test_passed=False, packages_select=None, packages_skip=None, packages_select_regex=None, packages_skip_regex=None, packages_start=None, packages_end=None, allow_overriding=[], cmake_args=None, cmake_target=None, cmake_target_skip_unavailable=False, cmake_clean_cache=False, cmake_clean_first=False, cmake_force_configure=False, ament_cmake_args=None, catkin_cmake_args=None, catkin_skip_building_tests=False, mixin_files=None, mixin=None, verb_parser=<colcon_mixin.mixin.mixin_argument.MixinArgumentDecorator object at 0xffff898a6a10>, verb_extension=<colcon_core.verb.build.BuildVerb object at 0xffff898a6530>, main=<bound method BuildVerb.main of <colcon_core.verb.build.BuildVerb object at 0xffff898a6530>>, mixin_verb=('build',))
[0.157s] Level 1:colcon.colcon_core.package_discovery:discover_packages(colcon_meta) check parameters
[0.158s] Level 1:colcon.colcon_core.package_discovery:discover_packages(recursive) check parameters
[0.158s] Level 1:colcon.colcon_core.package_discovery:discover_packages(ignore) check parameters
[0.158s] Level 1:colcon.colcon_core.package_discovery:discover_packages(path) check parameters
[0.158s] Level 1:colcon.colcon_core.package_discovery:discover_packages(colcon_meta) discover
[0.158s] Level 1:colcon.colcon_core.package_discovery:discover_packages(recursive) discover
[0.158s] INFO:colcon.colcon_core.package_discovery:Crawling recursively for packages in '/home/ubuntu/eyantra_task'
[0.158s] Level 1:colcon.colcon_core.package_identification:_identify(.) by extensions ['ignore', 'ignore_ament_install']
[0.158s] Level 1:colcon.colcon_core.package_identification:_identify(.) by extension 'ignore'
[0.158s] Level 1:colcon.colcon_core.package_identification:_identify(.) by extension 'ignore_ament_install'
[0.158s] Level 1:colcon.colcon_core.package_identification:_identify(.) by extensions ['colcon_pkg']
[0.158s] Level 1:colcon.colcon_core.package_identification:_identify(.) by extension 'colcon_pkg'
[0.158s] Level 1:colcon.colcon_core.package_identification:_identify(.) by extensions ['colcon_meta']
[0.158s] Level 1:colcon.colcon_core.package_identification:_identify(.) by extension 'colcon_meta'
[0.158s] Level 1:colcon.colcon_core.package_identification:_identify(.) by extensions ['ros']
[0.158s] Level 1:colcon.colcon_core.package_identification:_identify(.) by extension 'ros'
[0.171s] Level 1:colcon.colcon_core.package_identification:_identify(.) by extensions ['cmake', 'python']
[0.171s] Level 1:colcon.colcon_core.package_identification:_identify(.) by extension 'cmake'
[0.171s] Level 1:colcon.colcon_core.package_identification:_identify(.) by extension 'python'
[0.171s] Level 1:colcon.colcon_core.package_identification:_identify(.) by extensions ['python_setup_py']
[0.171s] Level 1:colcon.colcon_core.package_identification:_identify(.) by extension 'python_setup_py'
[0.171s] Level 1:colcon.colcon_core.package_identification:_identify(build) by extensions ['ignore', 'ignore_ament_install']
[0.171s] Level 1:colcon.colcon_core.package_identification:_identify(build) by extension 'ignore'
[0.171s] Level 1:colcon.colcon_core.package_identification:_identify(build) ignored
[0.171s] Level 1:colcon.colcon_core.package_identification:_identify(install) by extensions ['ignore', 'ignore_ament_install']
[0.171s] Level 1:colcon.colcon_core.package_identification:_identify(install) by extension 'ignore'
[0.171s] Level 1:colcon.colcon_core.package_identification:_identify(install) ignored
[0.171s] Level 1:colcon.colcon_core.package_identification:_identify(log) by extensions ['ignore', 'ignore_ament_install']
[0.171s] Level 1:colcon.colcon_core.package_identification:_identify(log) by extension 'ignore'
[0.171s] Level 1:colcon.colcon_core.package_identification:_identify(log) ignored
[0.171s] Level 1:colcon.colcon_core.package_identification:_identify(src) by extensions ['ignore', 'ignore_ament_install']
[0.171s] Level 1:colcon.colcon_core.package_identification:_identify(src) by extension 'ignore'
[0.171s] Level 1:colcon.colcon_core.package_identification:_identify(src) by extension 'ignore_ament_install'
[0.171s] Level 1:colcon.colcon_core.package_identification:_identify(src) by extensions ['colcon_pkg']
[0.171s] Level 1:colcon.colcon_core.package_identification:_identify(src) by extension 'colcon_pkg'
[0.171s] Level 1:colcon.colcon_core.package_identification:_identify(src) by extensions ['colcon_meta']
[0.171s] Level 1:colcon.colcon_core.package_identification:_identify(src) by extension 'colcon_meta'
[0.171s] Level 1:colcon.colcon_core.package_identification:_identify(src) by extensions ['ros']
[0.171s] Level 1:colcon.colcon_core.package_identification:_identify(src) by extension 'ros'
[0.171s] Level 1:colcon.colcon_core.package_identification:_identify(src) by extensions ['cmake', 'python']
[0.171s] Level 1:colcon.colcon_core.package_identification:_identify(src) by extension 'cmake'
[0.171s] Level 1:colcon.colcon_core.package_identification:_identify(src) by extension 'python'
[0.171s] Level 1:colcon.colcon_core.package_identification:_identify(src) by extensions ['python_setup_py']
[0.171s] Level 1:colcon.colcon_core.package_identification:_identify(src) by extension 'python_setup_py'
[0.171s] Level 1:colcon.colcon_core.package_identification:_identify(src/task_one) by extensions ['ignore', 'ignore_ament_install']
[0.171s] Level 1:colcon.colcon_core.package_identification:_identify(src/task_one) by extension 'ignore'
[0.171s] Level 1:colcon.colcon_core.package_identification:_identify(src/task_one) by extension 'ignore_ament_install'
[0.171s] Level 1:colcon.colcon_core.package_identification:_identify(src/task_one) by extensions ['colcon_pkg']
[0.171s] Level 1:colcon.colcon_core.package_identification:_identify(src/task_one) by extension 'colcon_pkg'
[0.171s] Level 1:colcon.colcon_core.package_identification:_identify(src/task_one) by extensions ['colcon_meta']
[0.171s] Level 1:colcon.colcon_core.package_identification:_identify(src/task_one) by extension 'colcon_meta'
[0.171s] Level 1:colcon.colcon_core.package_identification:_identify(src/task_one) by extensions ['ros']
[0.171s] Level 1:colcon.colcon_core.package_identification:_identify(src/task_one) by extension 'ros'
[0.173s] DEBUG:colcon.colcon_core.package_identification:Package 'src/task_one' with type 'ros.ament_python' and name 'task_one'
[0.173s] Level 1:colcon.colcon_core.package_identification:_identify(src/task_two) by extensions ['ignore', 'ignore_ament_install']
[0.173s] Level 1:colcon.colcon_core.package_identification:_identify(src/task_two) by extension 'ignore'
[0.173s] Level 1:colcon.colcon_core.package_identification:_identify(src/task_two) by extension 'ignore_ament_install'
[0.173s] Level 1:colcon.colcon_core.package_identification:_identify(src/task_two) by extensions ['colcon_pkg']
[0.173s] Level 1:colcon.colcon_core.package_identification:_identify(src/task_two) by extension 'colcon_pkg'
[0.173s] Level 1:colcon.colcon_core.package_identification:_identify(src/task_two) by extensions ['colcon_meta']
[0.173s] Level 1:colcon.colcon_core.package_identification:_identify(src/task_two) by extension 'colcon_meta'
[0.173s] Level 1:colcon.colcon_core.package_identification:_identify(src/task_two) by extensions ['ros']
[0.173s] Level 1:colcon.colcon_core.package_identification:_identify(src/task_two) by extension 'ros'
[0.173s] DEBUG:colcon.colcon_core.package_identification:Package 'src/task_two' with type 'ros.ament_python' and name 'task_two'
[0.174s] Level 1:colcon.colcon_core.package_identification:_identify(src/task_zero) by extensions ['ignore', 'ignore_ament_install']
[0.174s] Level 1:colcon.colcon_core.package_identification:_identify(src/task_zero) by extension 'ignore'
[0.174s] Level 1:colcon.colcon_core.package_identification:_identify(src/task_zero) by extension 'ignore_ament_install'
[0.174s] Level 1:colcon.colcon_core.package_identification:_identify(src/task_zero) by extensions ['colcon_pkg']
[0.174s] Level 1:colcon.colcon_core.package_identification:_identify(src/task_zero) by extension 'colcon_pkg'
[0.174s] Level 1:colcon.colcon_core.package_identification:_identify(src/task_zero) by extensions ['colcon_meta']
[0.174s] Level 1:colcon.colcon_core.package_identification:_identify(src/task_zero) by extension 'colcon_meta'
[0.174s] Level 1:colcon.colcon_core.package_identification:_identify(src/task_zero) by extensions ['ros']
[0.174s] Level 1:colcon.colcon_core.package_identification:_identify(src/task_zero) by extension 'ros'
[0.174s] DEBUG:colcon.colcon_core.package_identification:Package 'src/task_zero' with type 'ros.ament_python' and name 'task_zero'
[0.174s] Level 1:colcon.colcon_core.package_discovery:discover_packages(recursive) using defaults
[0.174s] Level 1:colcon.colcon_core.package_discovery:discover_packages(ignore) discover
[0.174s] Level 1:colcon.colcon_core.package_discovery:discover_packages(ignore) using defaults
[0.174s] Level 1:colcon.colcon_core.package_discovery:discover_packages(path) discover
[0.174s] Level 1:colcon.colcon_core.package_discovery:discover_packages(path) using defaults
[0.192s] Level 1:colcon.colcon_core.package_discovery:discover_packages(prefix_path) check parameters
[0.192s] Level 1:colcon.colcon_core.package_discovery:discover_packages(prefix_path) discover
[0.193s] DEBUG:colcon.colcon_installed_package_information.package_discovery:Found 3 installed packages in /home/ubuntu/eyantra_task/install
[0.194s] DEBUG:colcon.colcon_installed_package_information.package_discovery:Found 277 installed packages in /opt/ros/humble
[0.195s] Level 1:colcon.colcon_core.package_discovery:discover_packages(prefix_path) using defaults
[0.217s] Level 5:colcon.colcon_core.verb:set package 'task_one' build argument 'cmake_args' from command line to 'None'
[0.217s] Level 5:colcon.colcon_core.verb:set package 'task_one' build argument 'cmake_target' from command line to 'None'
[0.217s] Level 5:colcon.colcon_core.verb:set package 'task_one' build argument 'cmake_target_skip_unavailable' from command line to 'False'
[0.217s] Level 5:colcon.colcon_core.verb:set package 'task_one' build argument 'cmake_clean_cache' from command line to 'False'
[0.217s] Level 5:colcon.colcon_core.verb:set package 'task_one' build argument 'cmake_clean_first' from command line to 'False'
[0.217s] Level 5:colcon.colcon_core.verb:set package 'task_one' build argument 'cmake_force_configure' from command line to 'False'
[0.217s] Level 5:colcon.colcon_core.verb:set package 'task_one' build argument 'ament_cmake_args' from command line to 'None'
[0.217s] Level 5:colcon.colcon_core.verb:set package 'task_one' build argument 'catkin_cmake_args' from command line to 'None'
[0.217s] Level 5:colcon.colcon_core.verb:set package 'task_one' build argument 'catkin_skip_building_tests' from command line to 'False'
[0.217s] DEBUG:colcon.colcon_core.verb:Building package 'task_one' with the following arguments: {'ament_cmake_args': None, 'build_base': '/home/ubuntu/eyantra_task/build/task_one', 'catkin_cmake_args': None, 'catkin_skip_building_tests': False, 'cmake_args': None, 'cmake_clean_cache': False, 'cmake_clean_first': False, 'cmake_force_configure': False, 'cmake_target': None, 'cmake_target_skip_unavailable': False, 'install_base': '/home/ubuntu/eyantra_task/install/task_one', 'merge_install': False, 'path': '/home/ubuntu/eyantra_task/src/task_one', 'symlink_install': False, 'test_result_base': None}
[0.217s] Level 5:colcon.colcon_core.verb:set package 'task_two' build argument 'cmake_args' from command line to 'None'
[0.217s] Level 5:colcon.colcon_core.verb:set package 'task_two' build argument 'cmake_target' from command line to 'None'
[0.217s] Level 5:colcon.colcon_core.verb:set package 'task_two' build argument 'cmake_target_skip_unavailable' from command line to 'False'
[0.217s] Level 5:colcon.colcon_core.verb:set package 'task_two' build argument 'cmake_clean_cache' from command line to 'False'
[0.217s] Level 5:colcon.colcon_core.verb:set package 'task_two' build argument 'cmake_clean_first' from command line to 'False'
[0.217s] Level 5:colcon.colcon_core.verb:set package 'task_two' build argument 'cmake_force_configure' from command line to 'False'
[0.217s] Level 5:colcon.colcon_core.verb:set package 'task_two' build argument 'ament_cmake_args' from command line to 'None'
[0.217s] Level 5:colcon.colcon_core.verb:set package 'task_two' build argument 'catkin_cmake_args' from command line to 'None'
[0.217s] Level 5:colcon.colcon_core.verb:set package 'task_two' build argument 'catkin_skip_building_tests' from command line to 'False'
[0.217s] DEBUG:colcon.colcon_core.verb:Building package 'task_two' with the following arguments: {'ament_cmake_args': None, 'build_base': '/home/ubuntu/eyantra_task/build/task_two', 'catkin_cmake_args': None, 'catkin_skip_building_tests': False, 'cmake_args': None, 'cmake_clean_cache': False, 'cmake_clean_first': False, 'cmake_force_configure': False, 'cmake_target': None, 'cmake_target_skip_unavailable': False, 'install_base': '/home/ubuntu/eyantra_task/install/task_two', 'merge_install': False, 'path': '/home/ubuntu/eyantra_task/src/task_two', 'symlink_install': False, 'test_result_base': None}
[0.217s] Level 5:colcon.colcon_core.verb:set package 'task_zero' build argument 'cmake_args' from command line to 'None'
[0.217s] Level 5:colcon.colcon_core.verb:set package 'task_zero' build argument 'cmake_target' from command line to 'None'
[0.217s] Level 5:colcon.colcon_core.verb:set package 'task_zero' build argument 'cmake_target_skip_unavailable' from command line to 'False'
[0.217s] Level 5:colcon.colcon_core.verb:set package 'task_zero' build argument 'cmake_clean_cache' from command line to 'False'
[0.217s] Level 5:colcon.colcon_core.verb:set package 'task_zero' build argument 'cmake_clean_first' from command line to 'False'
[0.217s] Level 5:colcon.colcon_core.verb:set package 'task_zero' build argument 'cmake_force_configure' from command line to 'False'
[0.217s] Level 5:colcon.colcon_core.verb:set package 'task_zero' build argument 'ament_cmake_args' from command line to 'None'
[0.217s] Level 5:colcon.colcon_core.verb:set package 'task_zero' build argument 'catkin_cmake_args' from command line to 'None'
[0.217s] Level 5:colcon.colcon_core.verb:set package 'task_zero' build argument 'catkin_skip_building_tests' from command line to 'False'
[0.217s] DEBUG:colcon.colcon_core.verb:Building package 'task_zero' with the following arguments: {'ament_cmake_args': None, 'build_base': '/home/ubuntu/eyantra_task/build/task_zero', 'catkin_cmake_args': None, 'catkin_skip_building_tests': False, 'cmake_args': None, 'cmake_clean_cache': False, 'cmake_clean_first': False, 'cmake_force_configure': False, 'cmake_target': None, 'cmake_target_skip_unavailable': False, 'install_base': '/home/ubuntu/eyantra_task/install/task_zero', 'merge_install': False, 'path': '/home/ubuntu/eyantra_task/src/task_zero', 'symlink_install': False, 'test_result_base': None}
[0.217s] INFO:colcon.colcon_core.executor:Executing jobs using 'parallel' executor
[0.218s] DEBUG:colcon.colcon_parallel_executor.executor.parallel:run_until_complete
[0.218s] INFO:colcon.colcon_ros.task.ament_python.build:Building ROS package in '/home/ubuntu/eyantra_task/src/task_one' with build type 'ament_python'
[0.218s] Level 1:colcon.colcon_core.shell:create_environment_hook('task_one', 'ament_prefix_path')
[0.219s] INFO:colcon.colcon_core.plugin_system:Skipping extension 'colcon_core.shell.bat': Not used on non-Windows systems
[0.219s] INFO:colcon.colcon_core.shell:Creating environment hook '/home/ubuntu/eyantra_task/install/task_one/share/task_one/hook/ament_prefix_path.ps1'
[0.220s] INFO:colcon.colcon_core.shell:Creating environment descriptor '/home/ubuntu/eyantra_task/install/task_one/share/task_one/hook/ament_prefix_path.dsv'
[0.220s] INFO:colcon.colcon_core.shell:Creating environment hook '/home/ubuntu/eyantra_task/install/task_one/share/task_one/hook/ament_prefix_path.sh'
[0.221s] INFO:colcon.colcon_core.shell:Skip shell extension 'powershell' for command environment: Not usable outside of PowerShell
[0.221s] DEBUG:colcon.colcon_core.shell:Skip shell extension 'dsv' for command environment
[0.222s] INFO:colcon.colcon_ros.task.ament_python.build:Building ROS package in '/home/ubuntu/eyantra_task/src/task_two' with build type 'ament_python'
[0.222s] Level 1:colcon.colcon_core.shell:create_environment_hook('task_two', 'ament_prefix_path')
[0.222s] INFO:colcon.colcon_core.shell:Creating environment hook '/home/ubuntu/eyantra_task/install/task_two/share/task_two/hook/ament_prefix_path.ps1'
[0.223s] INFO:colcon.colcon_core.shell:Creating environment descriptor '/home/ubuntu/eyantra_task/install/task_two/share/task_two/hook/ament_prefix_path.dsv'
[0.223s] INFO:colcon.colcon_core.shell:Creating environment hook '/home/ubuntu/eyantra_task/install/task_two/share/task_two/hook/ament_prefix_path.sh'
[0.223s] INFO:colcon.colcon_core.shell:Skip shell extension 'powershell' for command environment: Not usable outside of PowerShell
[0.223s] DEBUG:colcon.colcon_core.shell:Skip shell extension 'dsv' for command environment
[0.225s] INFO:colcon.colcon_ros.task.ament_python.build:Building ROS package in '/home/ubuntu/eyantra_task/src/task_zero' with build type 'ament_python'
[0.225s] Level 1:colcon.colcon_core.shell:create_environment_hook('task_zero', 'ament_prefix_path')
[0.225s] INFO:colcon.colcon_core.shell:Creating environment hook '/home/ubuntu/eyantra_task/install/task_zero/share/task_zero/hook/ament_prefix_path.ps1'
[0.225s] INFO:colcon.colcon_core.shell:Creating environment descriptor '/home/ubuntu/eyantra_task/install/task_zero/share/task_zero/hook/ament_prefix_path.dsv'
[0.225s] INFO:colcon.colcon_core.shell:Creating environment hook '/home/ubuntu/eyantra_task/install/task_zero/share/task_zero/hook/ament_prefix_path.sh'
[0.226s] INFO:colcon.colcon_core.shell:Skip shell extension 'powershell' for command environment: Not usable outside of PowerShell
[0.226s] DEBUG:colcon.colcon_core.shell:Skip shell extension 'dsv' for command environment
[0.387s] INFO:colcon.colcon_core.task.python.build:Building Python package in '/home/ubuntu/eyantra_task/src/task_one'
[0.388s] INFO:colcon.colcon_core.shell:Skip shell extension 'powershell' for command environment: Not usable outside of PowerShell
[0.388s] DEBUG:colcon.colcon_core.shell:Skip shell extension 'dsv' for command environment
[0.516s] INFO:colcon.colcon_core.task.python.build:Building Python package in '/home/ubuntu/eyantra_task/src/task_two'
[0.516s] INFO:colcon.colcon_core.shell:Skip shell extension 'powershell' for command environment: Not usable outside of PowerShell
[0.516s] DEBUG:colcon.colcon_core.shell:Skip shell extension 'dsv' for command environment
[0.676s] INFO:colcon.colcon_core.task.python.build:Building Python package in '/home/ubuntu/eyantra_task/src/task_zero'
[0.676s] INFO:colcon.colcon_core.shell:Skip shell extension 'powershell' for command environment: Not usable outside of PowerShell
[0.676s] DEBUG:colcon.colcon_core.shell:Skip shell extension 'dsv' for command environment
[0.896s] DEBUG:colcon.colcon_core.event_handler.log_command:Invoking command in '/home/ubuntu/eyantra_task/src/task_zero': PYTHONPATH=/home/ubuntu/eyantra_task/build/task_zero/prefix_override:/usr/lib/python3/dist-packages/colcon_core/task/python/colcon_distutils_commands:/home/ubuntu/eyantra_task/install/task_zero/lib/python3.10/site-packages:${PYTHONPATH} /usr/bin/python3 -W ignore:setup.py install is deprecated -W ignore:easy_install command is deprecated setup.py egg_info --egg-base ../../build/task_zero build --build-base /home/ubuntu/eyantra_task/build/task_zero/build install --record /home/ubuntu/eyantra_task/build/task_zero/install.log --single-version-externally-managed install_data
[0.901s] DEBUG:colcon.colcon_core.event_handler.log_command:Invoking command in '/home/ubuntu/eyantra_task/src/task_two': PYTHONPATH=/home/ubuntu/eyantra_task/build/task_two/prefix_override:/usr/lib/python3/dist-packages/colcon_core/task/python/colcon_distutils_commands:/home/ubuntu/eyantra_task/install/task_two/lib/python3.10/site-packages:${PYTHONPATH} /usr/bin/python3 -W ignore:setup.py install is deprecated -W ignore:easy_install command is deprecated setup.py egg_info --egg-base ../../build/task_two build --build-base /home/ubuntu/eyantra_task/build/task_two/build install --record /home/ubuntu/eyantra_task/build/task_two/install.log --single-version-externally-managed install_data
[0.922s] DEBUG:colcon.colcon_core.event_handler.log_command:Invoking command in '/home/ubuntu/eyantra_task/src/task_one': PYTHONPATH=/home/ubuntu/eyantra_task/build/task_one/prefix_override:/usr/lib/python3/dist-packages/colcon_core/task/python/colcon_distutils_commands:/home/ubuntu/eyantra_task/install/task_one/lib/python3.10/site-packages:${PYTHONPATH} /usr/bin/python3 -W ignore:setup.py install is deprecated -W ignore:easy_install command is deprecated setup.py egg_info --egg-base ../../build/task_one build --build-base /home/ubuntu/eyantra_task/build/task_one/build install --record /home/ubuntu/eyantra_task/build/task_one/install.log --single-version-externally-managed install_data
[1.080s] Level 1:colcon.colcon_core.environment:checking '/home/ubuntu/eyantra_task/install/task_two' for CMake module files
[1.081s] Level 1:colcon.colcon_core.environment:checking '/home/ubuntu/eyantra_task/install/task_two' for CMake config files
[1.082s] Level 1:colcon.colcon_core.environment:checking '/home/ubuntu/eyantra_task/install/task_two/lib'
[1.082s] Level 1:colcon.colcon_core.environment:checking '/home/ubuntu/eyantra_task/install/task_two/bin'
[1.082s] Level 1:colcon.colcon_core.environment:checking '/home/ubuntu/eyantra_task/install/task_two/lib/pkgconfig/task_two.pc'
[1.082s] Level 1:colcon.colcon_core.environment:checking '/home/ubuntu/eyantra_task/install/task_two/lib/python3.10/site-packages'
[1.082s] Level 1:colcon.colcon_core.shell:create_environment_hook('task_two', 'pythonpath')
[1.082s] INFO:colcon.colcon_core.shell:Creating environment hook '/home/ubuntu/eyantra_task/install/task_two/share/task_two/hook/pythonpath.ps1'
[1.083s] INFO:colcon.colcon_core.shell:Creating environment descriptor '/home/ubuntu/eyantra_task/install/task_two/share/task_two/hook/pythonpath.dsv'
[1.083s] INFO:colcon.colcon_core.shell:Creating environment hook '/home/ubuntu/eyantra_task/install/task_two/share/task_two/hook/pythonpath.sh'
[1.083s] Level 1:colcon.colcon_core.environment:checking '/home/ubuntu/eyantra_task/install/task_two/bin'
[1.083s] Level 1:colcon.colcon_core.environment:create_environment_scripts_only(task_two)
[1.084s] INFO:colcon.colcon_core.shell:Creating package script '/home/ubuntu/eyantra_task/install/task_two/share/task_two/package.ps1'
[1.084s] INFO:colcon.colcon_core.shell:Creating package descriptor '/home/ubuntu/eyantra_task/install/task_two/share/task_two/package.dsv'
[1.084s] INFO:colcon.colcon_core.shell:Creating package script '/home/ubuntu/eyantra_task/install/task_two/share/task_two/package.sh'
[1.085s] INFO:colcon.colcon_core.shell:Creating package script '/home/ubuntu/eyantra_task/install/task_two/share/task_two/package.bash'
[1.085s] INFO:colcon.colcon_core.shell:Creating package script '/home/ubuntu/eyantra_task/install/task_two/share/task_two/package.zsh'
[1.086s] DEBUG:colcon.colcon_core.event_handler.log_command:Invoked command in '/home/ubuntu/eyantra_task/src/task_two' returned '0': PYTHONPATH=/home/ubuntu/eyantra_task/build/task_two/prefix_override:/usr/lib/python3/dist-packages/colcon_core/task/python/colcon_distutils_commands:/home/ubuntu/eyantra_task/install/task_two/lib/python3.10/site-packages:${PYTHONPATH} /usr/bin/python3 -W ignore:setup.py install is deprecated -W ignore:easy_install command is deprecated setup.py egg_info --egg-base ../../build/task_two build --build-base /home/ubuntu/eyantra_task/build/task_two/build install --record /home/ubuntu/eyantra_task/build/task_two/install.log --single-version-externally-managed install_data
[1.086s] Level 1:colcon.colcon_core.environment:create_file_with_runtime_dependencies(/home/ubuntu/eyantra_task/install/task_two/share/colcon-core/packages/task_two)
[1.090s] Level 1:colcon.colcon_core.environment:checking '/home/ubuntu/eyantra_task/install/task_zero' for CMake module files
[1.090s] DEBUG:colcon.colcon_core.event_handler.log_command:Invoked command in '/home/ubuntu/eyantra_task/src/task_zero' returned '0': PYTHONPATH=/home/ubuntu/eyantra_task/build/task_zero/prefix_override:/usr/lib/python3/dist-packages/colcon_core/task/python/colcon_distutils_commands:/home/ubuntu/eyantra_task/install/task_zero/lib/python3.10/site-packages:${PYTHONPATH} /usr/bin/python3 -W ignore:setup.py install is deprecated -W ignore:easy_install command is deprecated setup.py egg_info --egg-base ../../build/task_zero build --build-base /home/ubuntu/eyantra_task/build/task_zero/build install --record /home/ubuntu/eyantra_task/build/task_zero/install.log --single-version-externally-managed install_data
[1.091s] Level 1:colcon.colcon_core.environment:checking '/home/ubuntu/eyantra_task/install/task_zero' for CMake config files
[1.091s] Level 1:colcon.colcon_core.environment:checking '/home/ubuntu/eyantra_task/install/task_zero/lib'
[1.091s] Level 1:colcon.colcon_core.environment:checking '/home/ubuntu/eyantra_task/install/task_zero/bin'
[1.091s] Level 1:colcon.colcon_core.environment:checking '/home/ubuntu/eyantra_task/install/task_zero/lib/pkgconfig/task_zero.pc'
[1.091s] Level 1:colcon.colcon_core.environment:checking '/home/ubuntu/eyantra_task/install/task_zero/lib/python3.10/site-packages'
[1.091s] Level 1:colcon.colcon_core.shell:create_environment_hook('task_zero', 'pythonpath')
[1.091s] INFO:colcon.colcon_core.shell:Creating environment hook '/home/ubuntu/eyantra_task/install/task_zero/share/task_zero/hook/pythonpath.ps1'
[1.092s] INFO:colcon.colcon_core.shell:Creating environment descriptor '/home/ubuntu/eyantra_task/install/task_zero/share/task_zero/hook/pythonpath.dsv'
[1.092s] INFO:colcon.colcon_core.shell:Creating environment hook '/home/ubuntu/eyantra_task/install/task_zero/share/task_zero/hook/pythonpath.sh'
[1.092s] Level 1:colcon.colcon_core.environment:checking '/home/ubuntu/eyantra_task/install/task_zero/bin'
[1.092s] Level 1:colcon.colcon_core.environment:create_environment_scripts_only(task_zero)
[1.092s] INFO:colcon.colcon_core.shell:Creating package script '/home/ubuntu/eyantra_task/install/task_zero/share/task_zero/package.ps1'
[1.093s] INFO:colcon.colcon_core.shell:Creating package descriptor '/home/ubuntu/eyantra_task/install/task_zero/share/task_zero/package.dsv'
[1.093s] INFO:colcon.colcon_core.shell:Creating package script '/home/ubuntu/eyantra_task/install/task_zero/share/task_zero/package.sh'
[1.093s] INFO:colcon.colcon_core.shell:Creating package script '/home/ubuntu/eyantra_task/install/task_zero/share/task_zero/package.bash'
[1.093s] INFO:colcon.colcon_core.shell:Creating package script '/home/ubuntu/eyantra_task/install/task_zero/share/task_zero/package.zsh'
[1.093s] Level 1:colcon.colcon_core.environment:create_file_with_runtime_dependencies(/home/ubuntu/eyantra_task/install/task_zero/share/colcon-core/packages/task_zero)
[1.102s] Level 1:colcon.colcon_core.environment:checking '/home/ubuntu/eyantra_task/install/task_one' for CMake module files
[1.102s] DEBUG:colcon.colcon_core.event_handler.log_command:Invoked command in '/home/ubuntu/eyantra_task/src/task_one' returned '0': PYTHONPATH=/home/ubuntu/eyantra_task/build/task_one/prefix_override:/usr/lib/python3/dist-packages/colcon_core/task/python/colcon_distutils_commands:/home/ubuntu/eyantra_task/install/task_one/lib/python3.10/site-packages:${PYTHONPATH} /usr/bin/python3 -W ignore:setup.py install is deprecated -W ignore:easy_install command is deprecated setup.py egg_info --egg-base ../../build/task_one build --build-base /home/ubuntu/eyantra_task/build/task_one/build install --record /home/ubuntu/eyantra_task/build/task_one/install.log --single-version-externally-managed install_data
[1.103s] Level 1:colcon.colcon_core.environment:checking '/home/ubuntu/eyantra_task/install/task_one' for CMake config files
[1.103s] Level 1:colcon.colcon_core.environment:checking '/home/ubuntu/eyantra_task/install/task_one/lib'
[1.103s] Level 1:colcon.colcon_core.environment:checking '/home/ubuntu/eyantra_task/install/task_one/bin'
[1.103s] Level 1:colcon.colcon_core.environment:checking '/home/ubuntu/eyantra_task/install/task_one/lib/pkgconfig/task_one.pc'
[1.103s] Level 1:colcon.colcon_core.environment:checking '/home/ubuntu/eyantra_task/install/task_one/lib/python3.10/site-packages'
[1.103s] Level 1:colcon.colcon_core.shell:create_environment_hook('task_one', 'pythonpath')
[1.103s] INFO:colcon.colcon_core.shell:Creating environment hook '/home/ubuntu/eyantra_task/install/task_one/share/task_one/hook/pythonpath.ps1'
[1.103s] INFO:colcon.colcon_core.shell:Creating environment descriptor '/home/ubuntu/eyantra_task/install/task_one/share/task_one/hook/pythonpath.dsv'
[1.104s] INFO:colcon.colcon_core.shell:Creating environment hook '/home/ubuntu/eyantra_task/install/task_one/share/task_one/hook/pythonpath.sh'
[1.104s] Level 1:colcon.colcon_core.environment:checking '/home/ubuntu/eyantra_task/install/task_one/bin'
[1.104s] Level 1:colcon.colcon_core.environment:create_environment_scripts_only(task_one)
[1.104s] INFO:colcon.colcon_core.shell:Creating package script '/home/ubuntu/eyantra_task/install/task_one/share/task_one/package.ps1'
[1.104s] INFO:colcon.colcon_core.shell:Creating package descriptor '/home/ubuntu/eyantra_task/install/task_one/share/task_one/package.dsv'
[1.105s] INFO:colcon.colcon_core.shell:Creating package script '/home/ubuntu/eyantra_task/install/task_one/share/task_one/package.sh'
[1.105s] INFO:colcon.colcon_core.shell:Creating package script '/home/ubuntu/eyantra_task/install/task_one/share/task_one/package.bash'
[1.105s] INFO:colcon.colcon_core.shell:Creating package script '/home/ubuntu/eyantra_task/install/task_one/share/task_one/package.zsh'
[1.105s] Level 1:colcon.colcon_core.environment:create_file_with_runtime_dependencies(/home/ubuntu/eyantra_task/install/task_one/share/colcon-core/packages/task_one)
[1.106s] DEBUG:colcon.colcon_parallel_executor.executor.parallel:closing loop
[1.106s] DEBUG:colcon.colcon_parallel_executor.executor.parallel:loop closed
[1.106s] DEBUG:colcon.colcon_parallel_executor.executor.parallel:run_until_complete finished with '0'
[1.106s] DEBUG:colcon.colcon_core.event_reactor:joining thread
[1.109s] INFO:colcon.colcon_core.plugin_system:Skipping extension 'colcon_notification.desktop_notification.terminal_notifier': Not used on non-Darwin systems
[1.109s] INFO:colcon.colcon_core.plugin_system:Skipping extension 'colcon_notification.desktop_notification.win32': Not used on non-Windows systems
[1.109s] INFO:colcon.colcon_notification.desktop_notification:Sending desktop notification using 'notify2'
[1.127s] DEBUG:colcon.colcon_core.event_reactor:joined thread
[1.127s] INFO:colcon.colcon_core.shell:Creating prefix script '/home/ubuntu/eyantra_task/install/local_setup.ps1'
[1.130s] INFO:colcon.colcon_core.shell:Creating prefix util module '/home/ubuntu/eyantra_task/install/_local_setup_util_ps1.py'
[1.133s] INFO:colcon.colcon_core.shell:Creating prefix chain script '/home/ubuntu/eyantra_task/install/setup.ps1'
[1.134s] INFO:colcon.colcon_core.shell:Creating prefix script '/home/ubuntu/eyantra_task/install/local_setup.sh'
[1.135s] INFO:colcon.colcon_core.shell:Creating prefix util module '/home/ubuntu/eyantra_task/install/_local_setup_util_sh.py'
[1.135s] INFO:colcon.colcon_core.shell:Creating prefix chain script '/home/ubuntu/eyantra_task/install/setup.sh'
[1.137s] INFO:colcon.colcon_core.shell:Creating prefix script '/home/ubuntu/eyantra_task/install/local_setup.bash'
[1.137s] INFO:colcon.colcon_core.shell:Creating prefix chain script '/home/ubuntu/eyantra_task/install/setup.bash'
[1.138s] INFO:colcon.colcon_core.shell:Creating prefix script '/home/ubuntu/eyantra_task/install/local_setup.zsh'
[1.138s] INFO:colcon.colcon_core.shell:Creating prefix chain script '/home/ubuntu/eyantra_task/install/setup.zsh'
