[0.718s] Invoking command in '/home/ubuntu/eyantra_task/src/task_two': PYTHONPATH=/home/ubuntu/eyantra_task/build/task_two/prefix_override:/usr/lib/python3/dist-packages/colcon_core/task/python/colcon_distutils_commands:/home/ubuntu/eyantra_task/install/task_two/lib/python3.10/site-packages:${PYTHONPATH} /usr/bin/python3 -W ignore:setup.py install is deprecated -W ignore:easy_install command is deprecated setup.py egg_info --egg-base ../../build/task_two build --build-base /home/ubuntu/eyantra_task/build/task_two/build install --record /home/ubuntu/eyantra_task/build/task_two/install.log --single-version-externally-managed install_data
[0.891s] running egg_info
[0.891s] writing ../../build/task_two/task_two.egg-info/PKG-INFO
[0.892s] writing dependency_links to ../../build/task_two/task_two.egg-info/dependency_links.txt
[0.892s] writing entry points to ../../build/task_two/task_two.egg-info/entry_points.txt
[0.892s] writing requirements to ../../build/task_two/task_two.egg-info/requires.txt
[0.892s] writing top-level names to ../../build/task_two/task_two.egg-info/top_level.txt
[0.894s] reading manifest file '../../build/task_two/task_two.egg-info/SOURCES.txt'
[0.898s] writing manifest file '../../build/task_two/task_two.egg-info/SOURCES.txt'
[0.898s] running build
[0.898s] running build_py
[0.898s] running install
[0.898s] running install_lib
[0.898s] running install_data
[0.898s] running install_egg_info
[0.898s] removing '/home/ubuntu/eyantra_task/install/task_two/lib/python3.10/site-packages/task_two-0.0.0-py3.10.egg-info' (and everything under it)
[0.898s] Copying ../../build/task_two/task_two.egg-info to /home/ubuntu/eyantra_task/install/task_two/lib/python3.10/site-packages/task_two-0.0.0-py3.10.egg-info
[0.898s] running install_scripts
[0.907s] Installing movespring script to /home/ubuntu/eyantra_task/install/task_two/lib/task_two
[0.908s] writing list of installed files to '/home/ubuntu/eyantra_task/build/task_two/install.log'
[0.922s] Invoked command in '/home/ubuntu/eyantra_task/src/task_two' returned '0': PYTHONPATH=/home/ubuntu/eyantra_task/build/task_two/prefix_override:/usr/lib/python3/dist-packages/colcon_core/task/python/colcon_distutils_commands:/home/ubuntu/eyantra_task/install/task_two/lib/python3.10/site-packages:${PYTHONPATH} /usr/bin/python3 -W ignore:setup.py install is deprecated -W ignore:easy_install command is deprecated setup.py egg_info --egg-base ../../build/task_two build --build-base /home/ubuntu/eyantra_task/build/task_two/build install --record /home/ubuntu/eyantra_task/build/task_two/install.log --single-version-externally-managed install_data
